Start testing: Aug 09 22:00 EEST
----------------------------------------------------------
1/1 Testing: ExampleTests
1/1 Test: ExampleTests
Command: "/home/jarvis/secondHomeAdvanced/build/test/ExampleTests"
Directory: /home/jarvis/secondHomeAdvanced/build/test
"ExampleTests" start time: Aug 09 22:00 EEST
Output:
----------------------------------------------------------
Running main() from /home/jarvis/secondHomeAdvanced/googletest/googletest/src/gtest_main.cc
[==========] Running 2 tests from 1 test suite.
[----------] Global test environment set-up.
[----------] 2 tests from ExampleTests
[ RUN      ] ExampleTests.isExpressionValid
[       OK ] ExampleTests.isExpressionValid (0 ms)
[ RUN      ] ExampleTests.linkLevelNodes
15 20 10 25 16 12 8 [       OK ] ExampleTests.linkLevelNodes (0 ms)
[----------] 2 tests from ExampleTests (0 ms total)

[----------] Global test environment tear-down
[==========] 2 tests from 1 test suite ran. (2 ms total)
[  PASSED  ] 2 tests.
<end of output>
Test time =   0.01 sec
----------------------------------------------------------
Test Passed.
"ExampleTests" end time: Aug 09 22:00 EEST
"ExampleTests" time elapsed: 00:00:00
----------------------------------------------------------

End testing: Aug 09 22:00 EEST
