<?xml version="1.0" encoding="UTF-8"?>
<Site BuildName="(empty)"
	BuildStamp="20190808-0858-Experimental"
	Name="(empty)"
	Generator="ctest-3.10.2"
	CompilerName=""
	CompilerVersion=""
	OSName="Linux"
	Hostname="jarvis-VivoBook-17-ASUS-Laptop-X705UF"
	OSRelease="5.0.0-23-generic"
	OSVersion="#24~18.04.1-Ubuntu SMP Mon Jul 29 16:12:28 UTC 2019"
	OSPlatform="x86_64"
	Is64Bits="1"
	VendorString="GenuineIntel"
	VendorID="Intel Corporation"
	FamilyID="6"
	ModelID="142"
	ProcessorCacheSize="3072"
	NumberOfLogicalCPU="4"
	NumberOfPhysicalCPU="2"
	TotalVirtualMemory="2047"
	TotalPhysicalMemory="7857"
	LogicalProcessorsPerPhysical="2"
	ProcessorClockFrequency="2400"
	>
	<Testing>
		<StartDateTime>Aug 09 02:16 EEST</StartDateTime>
		<StartTestTime>1565306205</StartTestTime>
		<TestList>
			<Test>./test/ExampleTests</Test>
		</TestList>
		<Test Status="passed">
			<Name>ExampleTests</Name>
			<Path>./test</Path>
			<FullName>./test/ExampleTests</FullName>
			<FullCommandLine>/home/jarvis/secondHomeAdvanced/build/test/ExampleTests</FullCommandLine>
			<Results>
				<NamedMeasurement type="numeric/double" name="Execution Time">
					<Value>0.00753689</Value>
				</NamedMeasurement>
				<NamedMeasurement type="numeric/double" name="Processors">
					<Value>1</Value>
				</NamedMeasurement>
				<NamedMeasurement type="text/string" name="Completion Status">
					<Value>Completed</Value>
				</NamedMeasurement>
				<NamedMeasurement type="text/string" name="Command Line">
					<Value>/home/jarvis/secondHomeAdvanced/build/test/ExampleTests</Value>
				</NamedMeasurement>
				<Measurement>
					<Value encoding="base64" compression="gzip">eJyNUctOwzAQvPsr9pgcklDuHCpRQKpUUAKnKEKus6Su4nXxI+HzieuqIkitOqf17njG4y09kaQOFJeUpPBltIJipxUWe24GaQuLQlP7MnWW7cBJYFt0Wnc9OrTub2mNKLpQfQatXAhWP5zRQHkyuofAsdFpcTyA9dJhzursjAaee73lfZwjDdJoUkgTF13mD//IM9HVD1eHHt9Dh9VQfmzgiGY2ye0U6cmTYM54ZHK6bZ0JL9TbPQoHo3Q7GLVpg0jE6/qSCCQLUDa9Yld9e27wilQkQHIXhW6KF23Bacf7lN32gQ65yVo90nw/F/cChlM+N5pCvC2ravUYUp4u5uwXWNO8kQ==</Value>
				</Measurement>
			</Results>
		</Test>
		<EndDateTime>Aug 09 02:16 EEST</EndDateTime>
		<EndTestTime>1565306205</EndTestTime>
		<ElapsedMinutes>0</ElapsedMinutes>
	</Testing>
</Site>
