Start testing: Sep 16 17:36 EEST
----------------------------------------------------------
1/1 Testing: simple_test
1/1 Test: simple_test
Command: "/home/anyo/Projects/GoogleTests/test/simple"
Directory: /home/anyo/Projects/GoogleTests/test
"simple_test" start time: Sep 16 17:36 EEST
Output:
----------------------------------------------------------
Running main() from gmock_main.cc
[==========] Running 3 tests from 3 test suites.
[----------] Global test environment set-up.
[----------] 1 test from Vector_Tests
[ RUN      ] Vector_Tests.Size_Test
[       OK ] Vector_Tests.Size_Test (0 ms)
[----------] 1 test from Vector_Tests (0 ms total)

[----------] 1 test from MagicNumber_Tests
[ RUN      ] MagicNumber_Tests.EQ_Test
[       OK ] MagicNumber_Tests.EQ_Test (0 ms)
[----------] 1 test from MagicNumber_Tests (0 ms total)

[----------] 1 test from List_Tests
[ RUN      ] List_Tests.Reverse_Test
[       OK ] List_Tests.Reverse_Test (0 ms)
[----------] 1 test from List_Tests (0 ms total)

[----------] Global test environment tear-down
[==========] 3 tests from 3 test suites ran. (0 ms total)
[  PASSED  ] 3 tests.
<end of output>
Test time =   0.00 sec
----------------------------------------------------------
Test Passed.
"simple_test" end time: Sep 16 17:36 EEST
"simple_test" time elapsed: 00:00:00
----------------------------------------------------------

End testing: Sep 16 17:36 EEST
