<?xml version="1.0" encoding="UTF-8"?>
<Site BuildName="(empty)"
	BuildStamp="20190809-1826-Experimental"
	Name="(empty)"
	Generator="ctest-3.10.2"
	CompilerName=""
	CompilerVersion=""
	OSName="Linux"
	Hostname="jarvis-VivoBook-17-ASUS-Laptop-X705UF"
	OSRelease="5.0.0-23-generic"
	OSVersion="#24~18.04.1-Ubuntu SMP Mon Jul 29 16:12:28 UTC 2019"
	OSPlatform="x86_64"
	Is64Bits="1"
	VendorString="GenuineIntel"
	VendorID="Intel Corporation"
	FamilyID="6"
	ModelID="142"
	ProcessorCacheSize="3072"
	NumberOfLogicalCPU="4"
	NumberOfPhysicalCPU="2"
	TotalVirtualMemory="2047"
	TotalPhysicalMemory="7857"
	LogicalProcessorsPerPhysical="2"
	ProcessorClockFrequency="2400"
	>
	<Testing>
		<StartDateTime>Aug 09 22:00 EEST</StartDateTime>
		<StartTestTime>1565377259</StartTestTime>
		<TestList>
			<Test>./test/ExampleTests</Test>
		</TestList>
		<Test Status="passed">
			<Name>ExampleTests</Name>
			<Path>./test</Path>
			<FullName>./test/ExampleTests</FullName>
			<FullCommandLine>/home/jarvis/secondHomeAdvanced/build/test/ExampleTests</FullCommandLine>
			<Results>
				<NamedMeasurement type="numeric/double" name="Execution Time">
					<Value>0.00917196</Value>
				</NamedMeasurement>
				<NamedMeasurement type="numeric/double" name="Processors">
					<Value>1</Value>
				</NamedMeasurement>
				<NamedMeasurement type="text/string" name="Completion Status">
					<Value>Completed</Value>
				</NamedMeasurement>
				<NamedMeasurement type="text/string" name="Command Line">
					<Value>/home/jarvis/secondHomeAdvanced/build/test/ExampleTests</Value>
				</NamedMeasurement>
				<Measurement>
					<Value encoding="base64" compression="gzip">eJyNUU1Lw0AQvedXzDE55BMqXjwUDApKlVS9hCBrdoyru7NhdxP7802aEhqh2neajzfvMTNFRySoAcUE+QG8G60g/tAK409memFji7UmfjtU1rxnVCOPG60biQ6tOw6tqeNmjF5HraiuvfJqRgXFwSiDkWMnp3SfgO2Ew8grwxkV3Ej9xuTUR+qF0aSQBi66sGt/kRei+Y6pVuLTWPFKKJ43sEe16ETC5rvWoLVC0wuTgg/cCQ93/3LBT0DZ4A95KejrHnuUG83ReukKsgTSBLIVpBeQZnAJp/2Ww7PZWStPbHDaMRl45x3VITMh19+0/NnJX4FhFIGfHRkNyzyut9v8erzEYTDyfgDJzcE5====</Value>
				</Measurement>
			</Results>
		</Test>
		<EndDateTime>Aug 09 22:00 EEST</EndDateTime>
		<EndTestTime>1565377259</EndTestTime>
		<ElapsedMinutes>0</ElapsedMinutes>
	</Testing>
</Site>
