Start testing: Aug 09 22:38 EEST
----------------------------------------------------------
1/1 Testing: ExampleTests
1/1 Test: ExampleTests
Command: "/home/jarvis/thirdHomeAdvanced/build/test/ExampleTests"
Directory: /home/jarvis/thirdHomeAdvanced/build/test
"ExampleTests" start time: Aug 09 22:38 EEST
Output:
----------------------------------------------------------
Running main() from /home/jarvis/thirdHomeAdvanced/googletest/googletest/src/gtest_main.cc
[==========] Running 2 tests from 1 test suite.
[----------] Global test environment set-up.
[----------] 2 tests from ExampleTests
[ RUN      ] ExampleTests.getUniqueWords
code
practice
qa
quiz
[       OK ] ExampleTests.getUniqueWords (1 ms)
[ RUN      ] ExampleTests.wordCounter
Apple 2
Bubble 1
Orange 2
[       OK ] ExampleTests.wordCounter (0 ms)
[----------] 2 tests from ExampleTests (1 ms total)

[----------] Global test environment tear-down
[==========] 2 tests from 1 test suite ran. (1 ms total)
[  PASSED  ] 2 tests.
<end of output>
Test time =   0.00 sec
----------------------------------------------------------
Test Passed.
"ExampleTests" end time: Aug 09 22:38 EEST
"ExampleTests" time elapsed: 00:00:00
----------------------------------------------------------

End testing: Aug 09 22:38 EEST
